<?xml version="1.0" encoding="UTF-8"?>
<testsuite xmlns:xsi="http://www.w3.org/2001/XMLSchema-instance" xsi:noNamespaceSchemaLocation="https://maven.apache.org/surefire/maven-surefire-plugin/xsd/surefire-test-report-3.0.xsd" version="3.0" name="com.upiiz.discounts.DiscountsApplicationTests" time="5.393" tests="1" errors="0" skipped="0" failures="0">
  <properties>
[...]
</properties>
  <testcase name="contextLoads" classname="com.upiiz.discounts.DiscountsApplicationTests" time="0.431">
    <system-out><![CDATA[21:46:37.015 [main] INFO org.springframework.test.context.support.AnnotationConfigContextLoaderUtils -- Could not detect default configuration classes for test class [com.upiiz.discounts.DiscountsApplicationTests]: DiscountsApplicationTests does not declare any static, non-private, non-final, nested classes annotated with @Configuration.
21:46:37.125 [main] INFO org.springframework.boot.test.context.SpringBootTestContextBootstrapper -- Found @SpringBootConfiguration com.upiiz.discounts.DiscountsApplication for test class com.upiiz.discounts.DiscountsApplicationTests
21:46:37.322 [main] INFO org.springframework.boot.devtools.restart.RestartApplicationListener -- Restart disabled due to context in which it is running

  .   ____          _            __ _ _
 /\\ / ___'_ __ _ _(_)_ __  __ _ \ \ \ \
( ( )\___ | '_ | '_| | '_ \/ _` | \ \ \ \
 \\/  ___)| |_)| | | | | || (_| |  ) ) ) )
  '  |____| .__|_| |_|_| |_\__, | / / / /
 =========|_|==============|___/=/_/_/_/

 :: Spring Boot ::                (v3.3.6)

2024-11-28T21:46:37.588-06:00  INFO 13316 --- [discounts] [           main] c.u.discounts.DiscountsApplicationTests  : Starting DiscountsApplicationTests using Java 19.0.2 with PID 13316 (started by Raul in C:\Users\Raul\OneDrive\Escritorio\WebClient\CBDF_RCA_EXAMEN_02\discounts)
2024-11-28T21:46:37.589-06:00  INFO 13316 --- [discounts] [           main] c.u.discounts.DiscountsApplicationTests  : No active profile set, falling back to 1 default profile: "default"
2024-11-28T21:46:38.384-06:00  INFO 13316 --- [discounts] [           main] .s.d.r.c.RepositoryConfigurationDelegate : Bootstrapping Spring Data JPA repositories in DEFAULT mode.
2024-11-28T21:46:38.434-06:00  INFO 13316 --- [discounts] [           main] .s.d.r.c.RepositoryConfigurationDelegate : Finished Spring Data repository scanning in 43 ms. Found 1 JPA repository interface.
2024-11-28T21:46:38.941-06:00  INFO 13316 --- [discounts] [           main] o.hibernate.jpa.internal.util.LogHelper  : HHH000204: Processing PersistenceUnitInfo [name: default]
2024-11-28T21:46:39.002-06:00  INFO 13316 --- [discounts] [           main] org.hibernate.Version                    : HHH000412: Hibernate ORM core version 6.5.3.Final
2024-11-28T21:46:39.058-06:00  INFO 13316 --- [discounts] [           main] o.h.c.internal.RegionFactoryInitiator    : HHH000026: Second-level cache disabled
2024-11-28T21:46:39.445-06:00  INFO 13316 --- [discounts] [           main] o.s.o.j.p.SpringPersistenceUnitInfo      : No LoadTimeWeaver setup: ignoring JPA class transformer
2024-11-28T21:46:39.481-06:00  INFO 13316 --- [discounts] [           main] com.zaxxer.hikari.HikariDataSource       : HikariPool-1 - Starting...
2024-11-28T21:46:39.656-06:00  INFO 13316 --- [discounts] [           main] com.zaxxer.hikari.pool.HikariPool        : HikariPool-1 - Added connection com.mysql.cj.jdbc.ConnectionImpl@56872fcb
2024-11-28T21:46:39.658-06:00  INFO 13316 --- [discounts] [           main] com.zaxxer.hikari.HikariDataSource       : HikariPool-1 - Start completed.
2024-11-28T21:46:39.678-06:00  WARN 13316 --- [discounts] [           main] org.hibernate.orm.deprecation            : HHH90000025: MySQL8Dialect does not need to be specified explicitly using 'hibernate.dialect' (remove the property setting and it will be selected by default)
2024-11-28T21:46:39.679-06:00  WARN 13316 --- [discounts] [           main] org.hibernate.orm.deprecation            : HHH90000026: MySQL8Dialect has been deprecated; use org.hibernate.dialect.MySQLDialect instead
2024-11-28T21:46:39.697-06:00 DEBUG 13316 --- [discounts] [           main] o.h.t.d.sql.spi.DdlTypeRegistry          : addDescriptor(12, org.hibernate.type.descriptor.sql.internal.CapacityDependentDdlType@71262020) replaced previous registration(org.hibernate.type.descriptor.sql.internal.CapacityDependentDdlType@5f3ddc86)
2024-11-28T21:46:39.697-06:00 DEBUG 13316 --- [discounts] [           main] o.h.t.d.sql.spi.DdlTypeRegistry          : addDescriptor(-9, org.hibernate.type.descriptor.sql.internal.CapacityDependentDdlType@78e043e4) replaced previous registration(org.hibernate.type.descriptor.sql.internal.CapacityDependentDdlType@336d28a1)
2024-11-28T21:46:39.697-06:00 DEBUG 13316 --- [discounts] [           main] o.h.t.d.sql.spi.DdlTypeRegistry          : addDescriptor(-3, org.hibernate.type.descriptor.sql.internal.CapacityDependentDdlType@738a39cc) replaced previous registration(org.hibernate.type.descriptor.sql.internal.CapacityDependentDdlType@42e202d7)
2024-11-28T21:46:39.697-06:00 DEBUG 13316 --- [discounts] [           main] o.h.t.d.sql.spi.DdlTypeRegistry          : addDescriptor(4003, org.hibernate.type.descriptor.sql.internal.DdlTypeImpl@38e7860c) replaced previous registration(org.hibernate.type.descriptor.sql.internal.DdlTypeImpl@62158991)
2024-11-28T21:46:39.697-06:00 DEBUG 13316 --- [discounts] [           main] o.h.t.d.sql.spi.DdlTypeRegistry          : addDescriptor(4001, org.hibernate.type.descriptor.sql.internal.DdlTypeImpl@40738846) replaced previous registration(org.hibernate.type.descriptor.sql.internal.DdlTypeImpl@1255de25)
2024-11-28T21:46:39.698-06:00 DEBUG 13316 --- [discounts] [           main] o.h.t.d.sql.spi.DdlTypeRegistry          : addDescriptor(4002, org.hibernate.type.descriptor.sql.internal.DdlTypeImpl@1686ed85) replaced previous registration(org.hibernate.type.descriptor.sql.internal.DdlTypeImpl@5891b7c5)
2024-11-28T21:46:39.698-06:00 DEBUG 13316 --- [discounts] [           main] o.h.t.d.sql.spi.DdlTypeRegistry          : addDescriptor(2004, org.hibernate.type.descriptor.sql.internal.CapacityDependentDdlType@4fc3529) replaced previous registration(org.hibernate.type.descriptor.sql.internal.DdlTypeImpl@38e46765)
2024-11-28T21:46:39.698-06:00 DEBUG 13316 --- [discounts] [           main] o.h.t.d.sql.spi.DdlTypeRegistry          : addDescriptor(2005, org.hibernate.type.descriptor.sql.internal.CapacityDependentDdlType@192f5f39) replaced previous registration(org.hibernate.type.descriptor.sql.internal.DdlTypeImpl@4cd5fc46)
2024-11-28T21:46:39.698-06:00 DEBUG 13316 --- [discounts] [           main] o.h.t.d.sql.spi.DdlTypeRegistry          : addDescriptor(2011, org.hibernate.type.descriptor.sql.internal.CapacityDependentDdlType@2965dd88) replaced previous registration(org.hibernate.type.descriptor.sql.internal.DdlTypeImpl@3221588e)
2024-11-28T21:46:40.417-06:00  INFO 13316 --- [discounts] [           main] o.h.e.t.j.p.i.JtaPlatformInitiator       : HHH000489: No JTA platform available (set 'hibernate.transaction.jta.platform' to enable JTA platform integration)
2024-11-28T21:46:40.432-06:00 DEBUG 13316 --- [discounts] [           main] org.hibernate.SQL                        : drop table if exists descuentos
Hibernate: drop table if exists descuentos
2024-11-28T21:46:40.502-06:00 DEBUG 13316 --- [discounts] [           main] org.hibernate.SQL                        : create table descuentos (monto_descuento float(53), valido_hasta date, id bigint not null auto_increment, codigo_descuento varchar(255), primary key (id)) engine=InnoDB
Hibernate: create table descuentos (monto_descuento float(53), valido_hasta date, id bigint not null auto_increment, codigo_descuento varchar(255), primary key (id)) engine=InnoDB
2024-11-28T21:46:40.509-06:00  INFO 13316 --- [discounts] [           main] j.LocalContainerEntityManagerFactoryBean : Initialized JPA EntityManagerFactory for persistence unit 'default'
2024-11-28T21:46:40.873-06:00  WARN 13316 --- [discounts] [           main] JpaBaseConfiguration$JpaWebConfiguration : spring.jpa.open-in-view is enabled by default. Therefore, database queries may be performed during view rendering. Explicitly configure spring.jpa.open-in-view to disable this warning
2024-11-28T21:46:41.027-06:00  INFO 13316 --- [discounts] [           main] eAuthenticationProviderManagerConfigurer : Global AuthenticationManager configured with AuthenticationProvider bean with name authenticationProvider
2024-11-28T21:46:41.028-06:00  WARN 13316 --- [discounts] [           main] r$InitializeUserDetailsManagerConfigurer : Global AuthenticationManager configured with an AuthenticationProvider bean. UserDetailsService beans will not be used for username/password login. Consider removing the AuthenticationProvider bean. Alternatively, consider using the UserDetailsService in a manually instantiated DaoAuthenticationProvider.
2024-11-28T21:46:41.340-06:00 DEBUG 13316 --- [discounts] [           main] o.s.s.web.DefaultSecurityFilterChain     : Will secure any request with filters: DisableEncodeUrlFilter, WebAsyncManagerIntegrationFilter, SecurityContextHolderFilter, HeaderWriterFilter, CsrfFilter, LogoutFilter, BasicAuthenticationFilter, RequestCacheAwareFilter, SecurityContextHolderAwareRequestFilter, AnonymousAuthenticationFilter, SessionManagementFilter, ExceptionTranslationFilter, AuthorizationFilter
2024-11-28T21:46:41.805-06:00  INFO 13316 --- [discounts] [           main] c.u.discounts.DiscountsApplicationTests  : Started DiscountsApplicationTests in 4.501 seconds (process running for 5.425)
]]></system-out>
  </testcase>
</testsuite>